# JRE version: OpenJDK Runtime Environment Temurin-21.0.4+7 (21.0.4+7) (build 21.0.4+7-LTS)
# Java VM: OpenJDK 64-Bit Server VM Temurin-21.0.4+7 (21.0.4+7-LTS, mixed mode, sharing, tiered, compressed oops, compressed class ptrs, g1 gc, windows-amd64)
GC Precious Log:
 CardTable entry size: 512
 Card Set container configuration: InlinePtr #cards 5 size 8 Array Of Cards #cards 12 size 40 Howl #buckets 4 coarsen threshold 1843 Howl Bitmap #cards 512 size 80 coarsen threshold 460 Card regions per heap region 1 cards per card region 2048
 CPUs: 4 total, 4 available
 Memory: 3917M
 Large Page Support: Disabled
 NUMA Support: Disabled
 Compressed Oops: Enabled (32-bit)
 Heap Region Size: 1M
 Heap Min Capacity: 8M
 Heap Initial Capacity: 62M
 Heap Max Capacity: 980M
 Pre-touch: Disabled
 Parallel Workers: 4
 Concurrent Workers: 1
 Concurrent Refinement Workers: 4
 Periodic GC: Disabled
Heap:
 garbage-first heap   total 99328K, used 67865K [0x00000000c2c00000, 0x0000000100000000)
  region size 1024K, 11 young (11264K), 1 survivors (1024K)
 Metaspace       used 44542K, committed 45120K, reserved 1114112K
  class space    used 4905K, committed 5184K, reserved 1048576K
GC Heap History (20 events):
Event: 40.530 GC heap before
{Heap before GC invocations=16 (full 0):
 garbage-first heap   total 65536K, used 47642K [0x00000000c2c00000, 0x0000000100000000)
  region size 1024K, 11 young (11264K), 2 survivors (2048K)
 Metaspace       used 30983K, committed 31424K, reserved 1114112K
  class space    used 3370K, committed 3584K, reserved 1048576K
}
Event: 40.541 GC heap after
{Heap after GC invocations=17 (full 0):
 garbage-first heap   total 65536K, used 41217K [0x00000000c2c00000, 0x0000000100000000)
  region size 1024K, 2 young (2048K), 2 survivors (2048K)
 Metaspace       used 30983K, committed 31424K, reserved 1114112K
  class space    used 3370K, committed 3584K, reserved 1048576K
}
Event: 41.535 GC heap before
{Heap before GC invocations=17 (full 0):
 garbage-first heap   total 65536K, used 53505K [0x00000000c2c00000, 0x0000000100000000)
  region size 1024K, 14 young (14336K), 2 survivors (2048K)
 Metaspace       used 31109K, committed 31552K, reserved 1114112K
  class space    used 3384K, committed 3584K, reserved 1048576K
}
Event: 41.558 GC heap after
{Heap after GC invocations=18 (full 0):
 garbage-first heap   total 65536K, used 38819K [0x00000000c2c00000, 0x0000000100000000)
  region size 1024K, 2 young (2048K), 2 survivors (2048K)
 Metaspace       used 31109K, committed 31552K, reserved 1114112K
  class space    used 3384K, committed 3584K, reserved 1048576K
}
Event: 43.743 GC heap before
{Heap before GC invocations=18 (full 0):
 garbage-first heap   total 65536K, used 52131K [0x00000000c2c00000, 0x0000000100000000)
  region size 1024K, 16 young (16384K), 2 survivors (2048K)
 Metaspace       used 36249K, committed 36672K, reserved 1114112K
  class space    used 3925K, committed 4096K, reserved 1048576K
}
Event: 43.756 GC heap after
{Heap after GC invocations=19 (full 0):
 garbage-first heap   total 65536K, used 41896K [0x00000000c2c00000, 0x0000000100000000)
  region size 1024K, 2 young (2048K), 2 survivors (2048K)
 Metaspace       used 36249K, committed 36672K, reserved 1114112K
  class space    used 3925K, committed 4096K, reserved 1048576K
}
Event: 45.193 GC heap before
{Heap before GC invocations=20 (full 0):
 garbage-first heap   total 70656K, used 55208K [0x00000000c2c00000, 0x0000000100000000)
  region size 1024K, 15 young (15360K), 2 survivors (2048K)
 Metaspace       used 39811K, committed 40256K, reserved 1114112K
  class space    used 4359K, committed 4544K, reserved 1048576K
}
Event: 45.204 GC heap after
{Heap after GC invocations=21 (full 0):
 garbage-first heap   total 70656K, used 44257K [0x00000000c2c00000, 0x0000000100000000)
  region size 1024K, 2 young (2048K), 2 survivors (2048K)
 Metaspace       used 39811K, committed 40256K, reserved 1114112K
  class space    used 4359K, committed 4544K, reserved 1048576K
}
Event: 52.950 GC heap before
{Heap before GC invocations=21 (full 0):
 garbage-first heap   total 70656K, used 57569K [0x00000000c2c00000, 0x0000000100000000)
  region size 1024K, 16 young (16384K), 2 survivors (2048K)
 Metaspace       used 43405K, committed 43904K, reserved 1114112K
  class space    used 4769K, committed 4992K, reserved 1048576K
}
Event: 52.966 GC heap after
{Heap after GC invocations=22 (full 0):
 garbage-first heap   total 70656K, used 40540K [0x00000000c2c00000, 0x0000000100000000)
  region size 1024K, 2 young (2048K), 2 survivors (2048K)
 Metaspace       used 43405K, committed 43904K, reserved 1114112K
  class space    used 4769K, committed 4992K, reserved 1048576K
}
Event: 55.550 GC heap before
{Heap before GC invocations=22 (full 0):
 garbage-first heap   total 70656K, used 56924K [0x00000000c2c00000, 0x0000000100000000)
  region size 1024K, 19 young (19456K), 2 survivors (2048K)
 Metaspace       used 43739K, committed 44288K, reserved 1114112K
  class space    used 4798K, committed 5056K, reserved 1048576K
}
Event: 55.605 GC heap after
{Heap after GC invocations=23 (full 0):
 garbage-first heap   total 70656K, used 37669K [0x00000000c2c00000, 0x0000000100000000)
  region size 1024K, 2 young (2048K), 2 survivors (2048K)
 Metaspace       used 43739K, committed 44288K, reserved 1114112K
  class space    used 4798K, committed 5056K, reserved 1048576K
}
Event: 56.399 GC heap before
{Heap before GC invocations=23 (full 0):
 garbage-first heap   total 70656K, used 58149K [0x00000000c2c00000, 0x0000000100000000)
  region size 1024K, 22 young (22528K), 2 survivors (2048K)
 Metaspace       used 44066K, committed 44544K, reserved 1114112K
  class space    used 4842K, committed 5056K, reserved 1048576K
}
Event: 56.479 GC heap after
{Heap after GC invocations=24 (full 0):
 garbage-first heap   total 94208K, used 54272K [0x00000000c2c00000, 0x0000000100000000)
  region size 1024K, 3 young (3072K), 3 survivors (3072K)
 Metaspace       used 44066K, committed 44544K, reserved 1114112K
  class space    used 4842K, committed 5056K, reserved 1048576K
}
Event: 57.498 GC heap before
{Heap before GC invocations=24 (full 0):
 garbage-first heap   total 94208K, used 70656K [0x00000000c2c00000, 0x0000000100000000)
  region size 1024K, 19 young (19456K), 3 survivors (3072K)
 Metaspace       used 44401K, committed 44928K, reserved 1114112K
  class space    used 4876K, committed 5120K, reserved 1048576K
}
Event: 57.523 GC heap after
{Heap after GC invocations=25 (full 0):
 garbage-first heap   total 94208K, used 57856K [0x00000000c2c00000, 0x0000000100000000)
  region size 1024K, 3 young (3072K), 3 survivors (3072K)
 Metaspace       used 44401K, committed 44928K, reserved 1114112K
  class space    used 4876K, committed 5120K, reserved 1048576K
}
Event: 57.723 GC heap before
{Heap before GC invocations=25 (full 0):
 garbage-first heap   total 94208K, used 73216K [0x00000000c2c00000, 0x0000000100000000)
  region size 1024K, 18 young (18432K), 3 survivors (3072K)
 Metaspace       used 44423K, committed 44928K, reserved 1114112K
  class space    used 4879K, committed 5120K, reserved 1048576K
}
Event: 57.730 GC heap after
{Heap after GC invocations=26 (full 0):
 garbage-first heap   total 94208K, used 58946K [0x00000000c2c00000, 0x0000000100000000)
  region size 1024K, 1 young (1024K), 1 survivors (1024K)
 Metaspace       used 44423K, committed 44928K, reserved 1114112K
  class space    used 4879K, committed 5120K, reserved 1048576K
}
Event: 57.979 GC heap before
{Heap before GC invocations=26 (full 0):
 garbage-first heap   total 94208K, used 76354K [0x00000000c2c00000, 0x0000000100000000)
  region size 1024K, 18 young (18432K), 1 survivors (1024K)
 Metaspace       used 44431K, committed 44992K, reserved 1114112K
  class space    used 4880K, committed 5120K, reserved 1048576K
}
Event: 57.983 GC heap after
{Heap after GC invocations=27 (full 0):
 garbage-first heap   total 94208K, used 58603K [0x00000000c2c00000, 0x0000000100000000)
  region size 1024K, 1 young (1024K), 1 survivors (1024K)
 Metaspace       used 44431K, committed 44992K, reserved 1114112K
  class space    used 4880K, committed 5120K, reserved 1048576K
}

